build/app/intermediates/manifest_merge_blame_file/debug/manifest-merger-blame-debug-report.txt
1<?xml version="1.0" encoding="utf-8"?>
2<manifest xmlns:android="http://schemas.android.com/apk/res/android"
3    package="com.example.lovecounter"
4    android:versionCode="1"
5    android:versionName="1.0.0" >
6
7    <uses-sdk
8        android:minSdkVersion="21"
9        android:targetSdkVersion="33" />
10    <!--
11         Flutter needs it to communicate with the running application
12         to allow setting breakpoints, to provide hot reload, etc.
13    -->
14    <uses-permission android:name="android.permission.INTERNET" />
14-->src/debug/AndroidManifest.xml:6:5-66
14-->src/debug/AndroidManifest.xml:6:22-64
15    <uses-permission android:name="android.permission.RECEIVE_BOOT_COMPLETED" />
15-->[:flutter_local_notifications] AndroidManifest.xml:7:5-81
15-->[:flutter_local_notifications] AndroidManifest.xml:7:22-78
16    <uses-permission android:name="android.permission.VIBRATE" />
16-->[:flutter_local_notifications] AndroidManifest.xml:8:5-66
16-->[:flutter_local_notifications] AndroidManifest.xml:8:22-63
17    <uses-permission android:name="android.permission.USE_FULL_SCREEN_INTENT" />
17-->[:flutter_local_notifications] AndroidManifest.xml:9:5-81
17-->[:flutter_local_notifications] AndroidManifest.xml:9:22-78
18    <uses-permission android:name="android.permission.SCHEDULE_EXACT_ALARM" />
18-->[:flutter_local_notifications] AndroidManifest.xml:10:5-79
18-->[:flutter_local_notifications] AndroidManifest.xml:10:22-76
19    <uses-permission android:name="android.permission.POST_NOTIFICATIONS" />
19-->[:flutter_local_notifications] AndroidManifest.xml:11:5-77
19-->[:flutter_local_notifications] AndroidManifest.xml:11:22-74
20
21    <permission
21-->[androidx.core:core:1.9.0] AndroidManifest.xml:22:5-24:47
22        android:name="com.example.lovecounter.DYNAMIC_RECEIVER_NOT_EXPORTED_PERMISSION"
22-->[androidx.core:core:1.9.0] AndroidManifest.xml:23:9-81
23        android:protectionLevel="signature" />
23-->[androidx.core:core:1.9.0] AndroidManifest.xml:24:9-44
24
25    <uses-permission android:name="com.example.lovecounter.DYNAMIC_RECEIVER_NOT_EXPORTED_PERMISSION" />
25-->[androidx.core:core:1.9.0] AndroidManifest.xml:26:5-97
25-->[androidx.core:core:1.9.0] AndroidManifest.xml:26:22-94
26
27    <application
28        android:name="android.app.Application"
29        android:appComponentFactory="androidx.core.app.CoreComponentFactory"
29-->[androidx.core:core:1.9.0] AndroidManifest.xml:28:18-86
30        android:debuggable="true"
31        android:icon="@mipmap/ic_launcher"
32        android:label="mubaha" >
33        <activity
34            android:name="com.example.lovecounter.MainActivity"
35            android:configChanges="orientation|keyboardHidden|keyboard|screenSize|smallestScreenSize|locale|layoutDirection|fontScale|screenLayout|density|uiMode"
36            android:exported="true"
37            android:hardwareAccelerated="true"
38            android:launchMode="singleTop"
39            android:theme="@style/LaunchTheme"
40            android:windowSoftInputMode="adjustResize" >
41
42            <!--
43                 Specifies an Android theme to apply to this Activity as soon as
44                 the Android process has started. This theme is visible to the user
45                 while the Flutter UI initializes. After that, this theme continues
46                 to determine the Window background behind the Flutter UI.
47            -->
48            <meta-data
49                android:name="io.flutter.embedding.android.NormalTheme"
50                android:resource="@style/NormalTheme" />
51
52            <intent-filter>
53                <action android:name="android.intent.action.MAIN" />
54
55                <category android:name="android.intent.category.LAUNCHER" />
56            </intent-filter>
57        </activity>
58        <!--
59             Don't delete the meta-data below.
60             This is used by the Flutter tool to generate GeneratedPluginRegistrant.java
61        -->
62        <meta-data
63            android:name="flutterEmbedding"
64            android:value="2" />
65
66        <provider
66-->[:image_picker_android] AndroidManifest.xml:8:9-16:20
67            android:name="io.flutter.plugins.imagepicker.ImagePickerFileProvider"
67-->[:image_picker_android] AndroidManifest.xml:9:13-82
68            android:authorities="com.example.lovecounter.flutter.image_provider"
68-->[:image_picker_android] AndroidManifest.xml:10:13-74
69            android:exported="false"
69-->[:image_picker_android] AndroidManifest.xml:11:13-37
70            android:grantUriPermissions="true" >
70-->[:image_picker_android] AndroidManifest.xml:12:13-47
71            <meta-data
71-->[:image_picker_android] AndroidManifest.xml:13:13-15:75
72                android:name="android.support.FILE_PROVIDER_PATHS"
72-->[:image_picker_android] AndroidManifest.xml:14:17-67
73                android:resource="@xml/flutter_image_picker_file_paths" />
73-->[:image_picker_android] AndroidManifest.xml:15:17-72
74        </provider>
75
76        <receiver
76-->[:flutter_local_notifications] AndroidManifest.xml:14:9-16:40
77            android:name="com.dexterous.flutterlocalnotifications.ScheduledNotificationReceiver"
77-->[:flutter_local_notifications] AndroidManifest.xml:15:13-97
78            android:exported="false" />
78-->[:flutter_local_notifications] AndroidManifest.xml:16:13-37
79        <receiver
79-->[:flutter_local_notifications] AndroidManifest.xml:17:9-26:20
80            android:name="com.dexterous.flutterlocalnotifications.ScheduledNotificationBootReceiver"
80-->[:flutter_local_notifications] AndroidManifest.xml:18:13-101
81            android:exported="false" >
81-->[:flutter_local_notifications] AndroidManifest.xml:19:13-37
82            <intent-filter>
82-->[:flutter_local_notifications] AndroidManifest.xml:20:13-25:29
83                <action android:name="android.intent.action.BOOT_COMPLETED" />
83-->[:flutter_local_notifications] AndroidManifest.xml:21:17-79
83-->[:flutter_local_notifications] AndroidManifest.xml:21:25-76
84                <action android:name="android.intent.action.MY_PACKAGE_REPLACED" />
84-->[:flutter_local_notifications] AndroidManifest.xml:22:17-84
84-->[:flutter_local_notifications] AndroidManifest.xml:22:25-81
85                <action android:name="android.intent.action.QUICKBOOT_POWERON" />
85-->[:flutter_local_notifications] AndroidManifest.xml:23:17-82
85-->[:flutter_local_notifications] AndroidManifest.xml:23:25-79
86                <action android:name="com.htc.intent.action.QUICKBOOT_POWERON" />
86-->[:flutter_local_notifications] AndroidManifest.xml:24:17-82
86-->[:flutter_local_notifications] AndroidManifest.xml:24:25-79
87            </intent-filter>
88        </receiver>
89
90        <uses-library
90-->[androidx.window:window:1.0.0-beta04] AndroidManifest.xml:25:9-27:40
91            android:name="androidx.window.extensions"
91-->[androidx.window:window:1.0.0-beta04] AndroidManifest.xml:26:13-54
92            android:required="false" />
92-->[androidx.window:window:1.0.0-beta04] AndroidManifest.xml:27:13-37
93        <uses-library
93-->[androidx.window:window:1.0.0-beta04] AndroidManifest.xml:28:9-30:40
94            android:name="androidx.window.sidecar"
94-->[androidx.window:window:1.0.0-beta04] AndroidManifest.xml:29:13-51
95            android:required="false" />
95-->[androidx.window:window:1.0.0-beta04] AndroidManifest.xml:30:13-37
96    </application>
97
98</manifest>